{
  "stats": {
    "suites": 1,
    "tests": 1,
    "passes": 1,
    "pending": 0,
    "failures": 0,
    "start": "2021-04-24T21:21:34.660Z",
    "end": "2021-04-24T21:21:57.417Z",
    "duration": 22757,
    "testsRegistered": 1,
    "passPercent": 100,
    "pendingPercent": 0,
    "other": 0,
    "hasOther": false,
    "skipped": 0,
    "hasSkipped": false
  },
  "results": [
    {
      "uuid": "67240bee-a94d-43a5-9897-033957bc6403",
      "title": "",
      "fullFile": "cypress/integration/cadastro.spec.js",
      "file": "cypress/integration/cadastro.spec.js",
      "beforeHooks": [],
      "afterHooks": [],
      "tests": [],
      "suites": [
        {
          "uuid": "6a826711-d137-44e5-84b3-74fa2f519934",
          "title": "Cadastro",
          "fullFile": "",
          "file": "",
          "beforeHooks": [],
          "afterHooks": [],
          "tests": [
            {
              "title": "Registro de novo usuário",
              "fullTitle": "Cadastro Registro de novo usuário",
              "timedOut": null,
              "duration": 22661,
              "state": "passed",
              "speed": "slow",
              "pass": true,
              "fail": false,
              "pending": false,
              "context": null,
              "code": "cy.visit('index.php'); //clicar no sign in e validar que está na pagina de cadastro de conta\ncy.get('a.login').click();\ncy.url().should('contain', '?controller=authentication&back=my-account'); //cadastrar email \ncy.get('input#email_create').type(chance.email());\ncy.get('button#SubmitCreate').click(); //inserir dados do formulario\ncy.get('input[id=\"id_gender1\"]').check;\ncy.get('input#customer_firstname').type(chance.first());\ncy.get('input#customer_lastname').type(chance.last());\ncy.get('input#passwd').type('Secret');\ncy.get('select#days').select('6');\ncy.get('select#months').select('July');\ncy.get('select#years').select('2010');\ncy.get('input#newsletter').check();\ncy.get('input#firstname').type(chance.first());\ncy.get('input#lastname').type(chance.last());\ncy.get('input#company').type('Company Logo');\ncy.get('input#address1').type('8th Street');\ncy.get('input#city').type('Condado de Charlotte');\ncy.get('select#id_country').select('21');\ncy.get('select#id_state').select('9');\ncy.get('input#postcode').type('28271');\ncy.get('input#phone_mobile').type('3658978452');\ncy.get('input#alias').type(chance.word());\ncy.get('button#submitAccount').click(); //validar que foi redirecionado pra pagina correta\ncy.url().should('contain', 'http://automationpractice.com/index.php?controller=my-account'); //Validar exibição do texto 'Welcome to your account'\ncy.contains('Welcome to your account');",
              "err": {},
              "uuid": "3fcd650e-1070-4b9a-9e79-91c0bee2fb72",
              "parentUUID": "6a826711-d137-44e5-84b3-74fa2f519934",
              "isHook": false,
              "skipped": false
            }
          ],
          "suites": [],
          "passes": [
            "3fcd650e-1070-4b9a-9e79-91c0bee2fb72"
          ],
          "failures": [],
          "pending": [],
          "skipped": [],
          "duration": 22661,
          "root": false,
          "rootEmpty": false,
          "_timeout": 2000
        }
      ],
      "passes": [],
      "failures": [],
      "pending": [],
      "skipped": [],
      "duration": 0,
      "root": true,
      "rootEmpty": true,
      "_timeout": 2000
    }
  ],
  "meta": {
    "mocha": {
      "version": "7.0.1"
    },
    "mochawesome": {
      "options": {
        "quiet": true,
        "reportFilename": "mochawesome",
        "saveHtml": false,
        "saveJson": true,
        "consoleReporter": "spec",
        "useInlineDiffs": false,
        "code": true
      },
      "version": "6.2.2"
    },
    "marge": {
      "options": {
        "id": "default",
        "reportDir": "cypress/mochawesome-report",
        "quiet": true,
        "overwrite": false,
        "html": false,
        "json": true
      },
      "version": "5.2.0"
    }
  }
}